

Date：2023-03-29 08:46:33.088
LogLevel：Error
Message： 
****************************异常文本****************************
【出现时间】：2023/3/29 8:46:33
【异常类型】：FileLoadException
【异常信息】：未能加载文件或程序集“SunnyUI, Version=3.3.4.0, Culture=neutral, PublicKeyToken=27d7d2e821d97aeb”或它的某一个依赖项。找到的程序集清单定义与程序集引用不匹配。 (异常来自 HRESULT:0x80131040)
【堆栈调用】：   在 AD.CoreERP.Other_.OtherManager.OtherManagerWindow.MainWindow.InitializeComponent()
   在 AD.CoreERP.Other_.OtherManager.OtherManagerWindow.MainWindow..ctor() 位置 D:\WorkProject\C#Project\AD.CoreERP\AD.CoreERP.Other、\OtherManager\OtherManagerWindow\MainWindow.cs:行号 19
   在 AD.CoreERP.Other.OtherManager.OtherManagerWindowSys.MainWindowSys.ShowOtherMainWindow(String acc, String pass, IFreeSql _freeSql) 位置 D:\WorkProject\C#Project\AD.CoreERP\AD.CoreERP.Other、\OtherManager\OtherManagerWindowSys\MainWindowSys.cs:行号 30
   在 AD.CoreERP.AD.CoreWindowSys.LoginWindowSys.ShowOtherFactoryPersonWindow(String acc, String pass) 位置 D:\WorkProject\C#Project\AD.CoreERP\AD.CoreERP\AD.CoreClientSystem\AD.CoreWindowSys\LoginWindowSys.cs:行号 156
   在 AD.CoreERP.AD.CoreWindow.LoginWindow.LoginGame(String acc, String pass) 位置 D:\WorkProject\C#Project\AD.CoreERP\AD.CoreERP\AD.CoreClientSystem\AD.CoreWindow\LoginWindow.cs:行号 49
   在 AD.CoreERP.AD.CoreWindow.LoginWindow.uiButton4_Click(Object sender, EventArgs e) 位置 D:\WorkProject\C#Project\AD.CoreERP\AD.CoreERP\AD.CoreClientSystem\AD.CoreWindow\LoginWindow.cs:行号 139
   在 System.Windows.Forms.Control.OnClick(EventArgs e)
   在 Sunny.UI.UIButton.OnClick(EventArgs e)
   在 System.Windows.Forms.Control.WmMouseUp(Message& m, MouseButtons button, Int32 clicks)
   在 System.Windows.Forms.Control.WndProc(Message& m)
   在 System.Windows.Forms.Control.ControlNativeWindow.OnMessage(Message& m)
   在 System.Windows.Forms.Control.ControlNativeWindow.WndProc(Message& m)
   在 System.Windows.Forms.NativeWindow.Callback(IntPtr hWnd, Int32 msg, IntPtr wparam, IntPtr lparam)
【异常方法】：Void InitializeComponent()
***************************************************************

--------------------------------------------------

Date：2023-03-29 08:46:37.176
LogLevel：Error
Message： 
****************************异常文本****************************
【出现时间】：2023/3/29 8:46:37
【异常类型】：FileLoadException
【异常信息】：未能加载文件或程序集“SunnyUI, Version=3.3.4.0, Culture=neutral, PublicKeyToken=27d7d2e821d97aeb”或它的某一个依赖项。找到的程序集清单定义与程序集引用不匹配。 (异常来自 HRESULT:0x80131040)
【堆栈调用】：   在 AD.CoreERP.Other_.OtherManager.OtherManagerWindow.MainWindow.InitializeComponent()
   在 AD.CoreERP.Other_.OtherManager.OtherManagerWindow.MainWindow..ctor() 位置 D:\WorkProject\C#Project\AD.CoreERP\AD.CoreERP.Other、\OtherManager\OtherManagerWindow\MainWindow.cs:行号 19
   在 AD.CoreERP.Other.OtherManager.OtherManagerWindowSys.MainWindowSys.ShowOtherMainWindow(String acc, String pass, IFreeSql _freeSql) 位置 D:\WorkProject\C#Project\AD.CoreERP\AD.CoreERP.Other、\OtherManager\OtherManagerWindowSys\MainWindowSys.cs:行号 30
   在 AD.CoreERP.AD.CoreWindowSys.LoginWindowSys.ShowOtherFactoryPersonWindow(String acc, String pass) 位置 D:\WorkProject\C#Project\AD.CoreERP\AD.CoreERP\AD.CoreClientSystem\AD.CoreWindowSys\LoginWindowSys.cs:行号 156
   在 AD.CoreERP.AD.CoreWindow.LoginWindow.LoginGame(String acc, String pass) 位置 D:\WorkProject\C#Project\AD.CoreERP\AD.CoreERP\AD.CoreClientSystem\AD.CoreWindow\LoginWindow.cs:行号 49
   在 AD.CoreERP.AD.CoreWindow.LoginWindow.uiButton4_Click(Object sender, EventArgs e) 位置 D:\WorkProject\C#Project\AD.CoreERP\AD.CoreERP\AD.CoreClientSystem\AD.CoreWindow\LoginWindow.cs:行号 139
   在 System.Windows.Forms.Control.OnClick(EventArgs e)
   在 Sunny.UI.UIButton.OnClick(EventArgs e)
   在 System.Windows.Forms.Control.WmMouseUp(Message& m, MouseButtons button, Int32 clicks)
   在 System.Windows.Forms.Control.WndProc(Message& m)
   在 System.Windows.Forms.Control.ControlNativeWindow.OnMessage(Message& m)
   在 System.Windows.Forms.Control.ControlNativeWindow.WndProc(Message& m)
   在 System.Windows.Forms.NativeWindow.Callback(IntPtr hWnd, Int32 msg, IntPtr wparam, IntPtr lparam)
【异常方法】：Void InitializeComponent()
***************************************************************

--------------------------------------------------