

Date：2023-03-16 17:06:23.040
LogLevel：Error
Message： 
****************************异常文本****************************
【出现时间】：2023/3/16 17:06:22
【异常类型】：FileLoadException
【异常信息】：未能加载文件或程序集“SunnyUI, Version=3.3.3.0, Culture=neutral, PublicKeyToken=27d7d2e821d97aeb”或它的某一个依赖项。找到的程序集清单定义与程序集引用不匹配。 (异常来自 HRESULT:0x80131040)
【堆栈调用】：   在 AD.CoreERP.FactoryManager.FactoryManager.FactoryManagerWindow.MainWindow.InitializeComponent()
   在 AD.CoreERP.FactoryManager.FactoryManager.FactoryManagerWindow.MainWindow..ctor() 位置 D:\WorkProject\C#Project\AD.CoreERP\AD.CoreERP.FactoryManager\FactoryManager\FactoryManagerWindow\MainWindow.cs:行号 17
   在 AD.CoreERP.FactoryManager.FactoryManager.FactoryManagerWindowSys.MainWindowSys.ShowMainWindow() 位置 D:\WorkProject\C#Project\AD.CoreERP\AD.CoreERP.FactoryManager\FactoryManager\FactoryManagerWindowSys\MainWindowSys.cs:行号 18
   在 AD.CoreERP.AD.CoreWindow.LoginWindow.LoginGame() 位置 D:\WorkProject\C#Project\AD.CoreERP\AD.CoreERP\AD.CoreClientSystem\AD.CoreWindow\LoginWindow.cs:行号 50
   在 AD.CoreERP.AD.CoreWindow.LoginWindow.uiButton1_Click(Object sender, EventArgs e) 位置 D:\WorkProject\C#Project\AD.CoreERP\AD.CoreERP\AD.CoreClientSystem\AD.CoreWindow\LoginWindow.cs:行号 35
   在 System.Windows.Forms.Control.OnClick(EventArgs e)
   在 Sunny.UI.UIButton.OnClick(EventArgs e)
   在 System.Windows.Forms.Control.WmMouseUp(Message& m, MouseButtons button, Int32 clicks)
   在 System.Windows.Forms.Control.WndProc(Message& m)
   在 System.Windows.Forms.Control.ControlNativeWindow.OnMessage(Message& m)
   在 System.Windows.Forms.Control.ControlNativeWindow.WndProc(Message& m)
   在 System.Windows.Forms.NativeWindow.Callback(IntPtr hWnd, Int32 msg, IntPtr wparam, IntPtr lparam)
【异常方法】：Void InitializeComponent()
***************************************************************

--------------------------------------------------