

Date：2023-03-16 11:30:04.703
LogLevel：Error
Message： 
****************************异常文本****************************
【出现时间】：2023/3/16 11:30:04
【异常类型】：NullReferenceException
【异常信息】：未将对象引用设置到对象的实例。
【堆栈调用】：   在 AD.CoreERP.AD.CoreWindowSys.LoginWindowSys.ToRegisterWindow() 位置 D:\WorkProject\C#Project\AD.CoreERP\AD.CoreERP\AD.CoreClientSystem\AD.CoreWindowSys\LoginWindowSys.cs:行号 91
   在 AD.CoreERP.AD.CoreWindow.LoginWindow.uiCheckBox1_CheckedChanged(Object sender, EventArgs e) 位置 D:\WorkProject\C#Project\AD.CoreERP\AD.CoreERP\AD.CoreClientSystem\AD.CoreWindow\LoginWindow.cs:行号 70
   在 Sunny.UI.UICheckBox.set_Checked(Boolean value)
   在 Sunny.UI.UICheckBox.OnClick(EventArgs e)
   在 System.Windows.Forms.Control.WmMouseUp(Message& m, MouseButtons button, Int32 clicks)
   在 System.Windows.Forms.Control.WndProc(Message& m)
   在 System.Windows.Forms.Control.ControlNativeWindow.OnMessage(Message& m)
   在 System.Windows.Forms.Control.ControlNativeWindow.WndProc(Message& m)
   在 System.Windows.Forms.NativeWindow.Callback(IntPtr hWnd, Int32 msg, IntPtr wparam, IntPtr lparam)
【异常方法】：Void ToRegisterWindow()
***************************************************************

--------------------------------------------------

Date：2023-03-16 11:30:51.921
LogLevel：Error
Message： 
****************************异常文本****************************
【出现时间】：2023/3/16 11:30:51
【异常类型】：NullReferenceException
【异常信息】：未将对象引用设置到对象的实例。
【堆栈调用】：   在 AD.CoreERP.AD.CoreClientSystem.AD.CoreWindowSys.RigisterWindowSys.ShowRegisterWindow() 位置 D:\WorkProject\C#Project\AD.CoreERP\AD.CoreERP\AD.CoreClientSystem\AD.CoreWindowSys\RigisterWindowSys.cs:行号 60
   在 AD.CoreERP.AD.CoreWindowSys.LoginWindowSys.ToRegisterWindow() 位置 D:\WorkProject\C#Project\AD.CoreERP\AD.CoreERP\AD.CoreClientSystem\AD.CoreWindowSys\LoginWindowSys.cs:行号 91
   在 AD.CoreERP.AD.CoreWindow.LoginWindow.uiCheckBox1_CheckedChanged(Object sender, EventArgs e) 位置 D:\WorkProject\C#Project\AD.CoreERP\AD.CoreERP\AD.CoreClientSystem\AD.CoreWindow\LoginWindow.cs:行号 70
   在 Sunny.UI.UICheckBox.set_Checked(Boolean value)
   在 Sunny.UI.UICheckBox.OnClick(EventArgs e)
   在 System.Windows.Forms.Control.WmMouseUp(Message& m, MouseButtons button, Int32 clicks)
   在 System.Windows.Forms.Control.WndProc(Message& m)
   在 System.Windows.Forms.Control.ControlNativeWindow.OnMessage(Message& m)
   在 System.Windows.Forms.Control.ControlNativeWindow.WndProc(Message& m)
   在 System.Windows.Forms.NativeWindow.Callback(IntPtr hWnd, Int32 msg, IntPtr wparam, IntPtr lparam)
【异常方法】：Void ShowRegisterWindow()
***************************************************************

--------------------------------------------------