

Date：2023-03-16 11:31:25.168
LogLevel：Error
Message： 
****************************异常文本****************************
【出现时间】：2023/3/16 11:31:25
【异常类型】：NullReferenceException
【异常信息】：未将对象引用设置到对象的实例。
【堆栈调用】：   在 AD.CoreERP.AD.CoreClientSystem.AD.CoreWindowSys.RigisterWindowSys.ShowRegisterWindow() 位置 D:\WorkProject\C#Project\AD.CoreERP\AD.CoreERP\AD.CoreClientSystem\AD.CoreWindowSys\RigisterWindowSys.cs:行号 60
   在 AD.CoreERP.AD.CoreWindowSys.LoginWindowSys.ToRegisterWindow() 位置 D:\WorkProject\C#Project\AD.CoreERP\AD.CoreERP\AD.CoreClientSystem\AD.CoreWindowSys\LoginWindowSys.cs:行号 91
   在 AD.CoreERP.AD.CoreWindow.LoginWindow.uiCheckBox1_CheckedChanged(Object sender, EventArgs e) 位置 D:\WorkProject\C#Project\AD.CoreERP\AD.CoreERP\AD.CoreClientSystem\AD.CoreWindow\LoginWindow.cs:行号 70
   在 Sunny.UI.UICheckBox.set_Checked(Boolean value)
   在 Sunny.UI.UICheckBox.OnClick(EventArgs e)
   在 System.Windows.Forms.Control.WmMouseUp(Message& m, MouseButtons button, Int32 clicks)
   在 System.Windows.Forms.Control.WndProc(Message& m)
   在 System.Windows.Forms.Control.ControlNativeWindow.OnMessage(Message& m)
   在 System.Windows.Forms.Control.ControlNativeWindow.WndProc(Message& m)
   在 System.Windows.Forms.NativeWindow.Callback(IntPtr hWnd, Int32 msg, IntPtr wparam, IntPtr lparam)
【异常方法】：Void ShowRegisterWindow()
***************************************************************

--------------------------------------------------

Date：2023-03-16 11:31:26.057
LogLevel：Error
Message： 
****************************异常文本****************************
【出现时间】：2023/3/16 11:31:26
【异常类型】：NullReferenceException
【异常信息】：未将对象引用设置到对象的实例。
【堆栈调用】：   在 AD.CoreERP.AD.CoreClientSystem.AD.CoreWindowSys.RigisterWindowSys.ShowRegisterWindow() 位置 D:\WorkProject\C#Project\AD.CoreERP\AD.CoreERP\AD.CoreClientSystem\AD.CoreWindowSys\RigisterWindowSys.cs:行号 60
   在 AD.CoreERP.AD.CoreWindowSys.LoginWindowSys.ToRegisterWindow() 位置 D:\WorkProject\C#Project\AD.CoreERP\AD.CoreERP\AD.CoreClientSystem\AD.CoreWindowSys\LoginWindowSys.cs:行号 91
   在 AD.CoreERP.AD.CoreWindow.LoginWindow.uiCheckBox1_CheckedChanged(Object sender, EventArgs e) 位置 D:\WorkProject\C#Project\AD.CoreERP\AD.CoreERP\AD.CoreClientSystem\AD.CoreWindow\LoginWindow.cs:行号 70
   在 Sunny.UI.UICheckBox.set_Checked(Boolean value)
   在 Sunny.UI.UICheckBox.OnClick(EventArgs e)
   在 System.Windows.Forms.Control.WmMouseUp(Message& m, MouseButtons button, Int32 clicks)
   在 System.Windows.Forms.Control.WndProc(Message& m)
   在 System.Windows.Forms.Control.ControlNativeWindow.OnMessage(Message& m)
   在 System.Windows.Forms.Control.ControlNativeWindow.WndProc(Message& m)
   在 System.Windows.Forms.NativeWindow.Callback(IntPtr hWnd, Int32 msg, IntPtr wparam, IntPtr lparam)
【异常方法】：Void ShowRegisterWindow()
***************************************************************

--------------------------------------------------

Date：2023-03-16 11:31:27.727
LogLevel：Error
Message： 
****************************异常文本****************************
【出现时间】：2023/3/16 11:31:27
【异常类型】：NullReferenceException
【异常信息】：未将对象引用设置到对象的实例。
【堆栈调用】：   在 AD.CoreERP.AD.CoreClientSystem.AD.CoreWindowSys.RigisterWindowSys.ShowRegisterWindow() 位置 D:\WorkProject\C#Project\AD.CoreERP\AD.CoreERP\AD.CoreClientSystem\AD.CoreWindowSys\RigisterWindowSys.cs:行号 60
   在 AD.CoreERP.AD.CoreWindowSys.LoginWindowSys.ToRegisterWindow() 位置 D:\WorkProject\C#Project\AD.CoreERP\AD.CoreERP\AD.CoreClientSystem\AD.CoreWindowSys\LoginWindowSys.cs:行号 91
   在 AD.CoreERP.AD.CoreWindow.LoginWindow.uiCheckBox1_CheckedChanged(Object sender, EventArgs e) 位置 D:\WorkProject\C#Project\AD.CoreERP\AD.CoreERP\AD.CoreClientSystem\AD.CoreWindow\LoginWindow.cs:行号 70
   在 Sunny.UI.UICheckBox.set_Checked(Boolean value)
   在 Sunny.UI.UICheckBox.OnClick(EventArgs e)
   在 System.Windows.Forms.Control.WmMouseUp(Message& m, MouseButtons button, Int32 clicks)
   在 System.Windows.Forms.Control.WndProc(Message& m)
   在 System.Windows.Forms.Control.ControlNativeWindow.OnMessage(Message& m)
   在 System.Windows.Forms.Control.ControlNativeWindow.WndProc(Message& m)
   在 System.Windows.Forms.NativeWindow.Callback(IntPtr hWnd, Int32 msg, IntPtr wparam, IntPtr lparam)
【异常方法】：Void ShowRegisterWindow()
***************************************************************

--------------------------------------------------

Date：2023-03-16 11:31:28.095
LogLevel：Error
Message： 
****************************异常文本****************************
【出现时间】：2023/3/16 11:31:28
【异常类型】：NullReferenceException
【异常信息】：未将对象引用设置到对象的实例。
【堆栈调用】：   在 AD.CoreERP.AD.CoreClientSystem.AD.CoreWindowSys.RigisterWindowSys.ShowRegisterWindow() 位置 D:\WorkProject\C#Project\AD.CoreERP\AD.CoreERP\AD.CoreClientSystem\AD.CoreWindowSys\RigisterWindowSys.cs:行号 60
   在 AD.CoreERP.AD.CoreWindowSys.LoginWindowSys.ToRegisterWindow() 位置 D:\WorkProject\C#Project\AD.CoreERP\AD.CoreERP\AD.CoreClientSystem\AD.CoreWindowSys\LoginWindowSys.cs:行号 91
   在 AD.CoreERP.AD.CoreWindow.LoginWindow.uiCheckBox1_CheckedChanged(Object sender, EventArgs e) 位置 D:\WorkProject\C#Project\AD.CoreERP\AD.CoreERP\AD.CoreClientSystem\AD.CoreWindow\LoginWindow.cs:行号 70
   在 Sunny.UI.UICheckBox.set_Checked(Boolean value)
   在 Sunny.UI.UICheckBox.OnClick(EventArgs e)
   在 System.Windows.Forms.Control.WmMouseUp(Message& m, MouseButtons button, Int32 clicks)
   在 System.Windows.Forms.Control.WndProc(Message& m)
   在 System.Windows.Forms.Control.ControlNativeWindow.OnMessage(Message& m)
   在 System.Windows.Forms.Control.ControlNativeWindow.WndProc(Message& m)
   在 System.Windows.Forms.NativeWindow.Callback(IntPtr hWnd, Int32 msg, IntPtr wparam, IntPtr lparam)
【异常方法】：Void ShowRegisterWindow()
***************************************************************

--------------------------------------------------

Date：2023-03-16 11:31:39.136
LogLevel：Error
Message： 
****************************异常文本****************************
【出现时间】：2023/3/16 11:31:39
【异常类型】：NullReferenceException
【异常信息】：未将对象引用设置到对象的实例。
【堆栈调用】：   在 AD.CoreERP.AD.CoreClientSystem.AD.CoreWindowSys.RigisterWindowSys.ShowRegisterWindow() 位置 D:\WorkProject\C#Project\AD.CoreERP\AD.CoreERP\AD.CoreClientSystem\AD.CoreWindowSys\RigisterWindowSys.cs:行号 60
   在 AD.CoreERP.AD.CoreWindowSys.LoginWindowSys.ToRegisterWindow() 位置 D:\WorkProject\C#Project\AD.CoreERP\AD.CoreERP\AD.CoreClientSystem\AD.CoreWindowSys\LoginWindowSys.cs:行号 91
   在 AD.CoreERP.AD.CoreWindow.LoginWindow.uiCheckBox1_CheckedChanged(Object sender, EventArgs e) 位置 D:\WorkProject\C#Project\AD.CoreERP\AD.CoreERP\AD.CoreClientSystem\AD.CoreWindow\LoginWindow.cs:行号 70
   在 Sunny.UI.UICheckBox.set_Checked(Boolean value)
   在 Sunny.UI.UICheckBox.OnClick(EventArgs e)
   在 System.Windows.Forms.Control.WmMouseUp(Message& m, MouseButtons button, Int32 clicks)
   在 System.Windows.Forms.Control.WndProc(Message& m)
   在 System.Windows.Forms.Control.ControlNativeWindow.OnMessage(Message& m)
   在 System.Windows.Forms.Control.ControlNativeWindow.WndProc(Message& m)
   在 System.Windows.Forms.NativeWindow.Callback(IntPtr hWnd, Int32 msg, IntPtr wparam, IntPtr lparam)
【异常方法】：Void ShowRegisterWindow()
***************************************************************

--------------------------------------------------

Date：2023-03-16 11:31:39.919
LogLevel：Error
Message： 
****************************异常文本****************************
【出现时间】：2023/3/16 11:31:39
【异常类型】：NullReferenceException
【异常信息】：未将对象引用设置到对象的实例。
【堆栈调用】：   在 AD.CoreERP.AD.CoreClientSystem.AD.CoreWindowSys.RigisterWindowSys.ShowRegisterWindow() 位置 D:\WorkProject\C#Project\AD.CoreERP\AD.CoreERP\AD.CoreClientSystem\AD.CoreWindowSys\RigisterWindowSys.cs:行号 60
   在 AD.CoreERP.AD.CoreWindowSys.LoginWindowSys.ToRegisterWindow() 位置 D:\WorkProject\C#Project\AD.CoreERP\AD.CoreERP\AD.CoreClientSystem\AD.CoreWindowSys\LoginWindowSys.cs:行号 91
   在 AD.CoreERP.AD.CoreWindow.LoginWindow.uiCheckBox1_CheckedChanged(Object sender, EventArgs e) 位置 D:\WorkProject\C#Project\AD.CoreERP\AD.CoreERP\AD.CoreClientSystem\AD.CoreWindow\LoginWindow.cs:行号 70
   在 Sunny.UI.UICheckBox.set_Checked(Boolean value)
   在 Sunny.UI.UICheckBox.OnClick(EventArgs e)
   在 System.Windows.Forms.Control.WmMouseUp(Message& m, MouseButtons button, Int32 clicks)
   在 System.Windows.Forms.Control.WndProc(Message& m)
   在 System.Windows.Forms.Control.ControlNativeWindow.OnMessage(Message& m)
   在 System.Windows.Forms.Control.ControlNativeWindow.WndProc(Message& m)
   在 System.Windows.Forms.NativeWindow.Callback(IntPtr hWnd, Int32 msg, IntPtr wparam, IntPtr lparam)
【异常方法】：Void ShowRegisterWindow()
***************************************************************

--------------------------------------------------

Date：2023-03-16 11:31:40.374
LogLevel：Error
Message： 
****************************异常文本****************************
【出现时间】：2023/3/16 11:31:40
【异常类型】：NullReferenceException
【异常信息】：未将对象引用设置到对象的实例。
【堆栈调用】：   在 AD.CoreERP.AD.CoreClientSystem.AD.CoreWindowSys.RigisterWindowSys.ShowRegisterWindow() 位置 D:\WorkProject\C#Project\AD.CoreERP\AD.CoreERP\AD.CoreClientSystem\AD.CoreWindowSys\RigisterWindowSys.cs:行号 60
   在 AD.CoreERP.AD.CoreWindowSys.LoginWindowSys.ToRegisterWindow() 位置 D:\WorkProject\C#Project\AD.CoreERP\AD.CoreERP\AD.CoreClientSystem\AD.CoreWindowSys\LoginWindowSys.cs:行号 91
   在 AD.CoreERP.AD.CoreWindow.LoginWindow.uiCheckBox1_CheckedChanged(Object sender, EventArgs e) 位置 D:\WorkProject\C#Project\AD.CoreERP\AD.CoreERP\AD.CoreClientSystem\AD.CoreWindow\LoginWindow.cs:行号 70
   在 Sunny.UI.UICheckBox.set_Checked(Boolean value)
   在 Sunny.UI.UICheckBox.OnClick(EventArgs e)
   在 System.Windows.Forms.Control.WmMouseUp(Message& m, MouseButtons button, Int32 clicks)
   在 System.Windows.Forms.Control.WndProc(Message& m)
   在 System.Windows.Forms.Control.ControlNativeWindow.OnMessage(Message& m)
   在 System.Windows.Forms.Control.ControlNativeWindow.WndProc(Message& m)
   在 System.Windows.Forms.NativeWindow.Callback(IntPtr hWnd, Int32 msg, IntPtr wparam, IntPtr lparam)
【异常方法】：Void ShowRegisterWindow()
***************************************************************

--------------------------------------------------

Date：2023-03-16 11:31:40.718
LogLevel：Error
Message： 
****************************异常文本****************************
【出现时间】：2023/3/16 11:31:40
【异常类型】：NullReferenceException
【异常信息】：未将对象引用设置到对象的实例。
【堆栈调用】：   在 AD.CoreERP.AD.CoreClientSystem.AD.CoreWindowSys.RigisterWindowSys.ShowRegisterWindow() 位置 D:\WorkProject\C#Project\AD.CoreERP\AD.CoreERP\AD.CoreClientSystem\AD.CoreWindowSys\RigisterWindowSys.cs:行号 60
   在 AD.CoreERP.AD.CoreWindowSys.LoginWindowSys.ToRegisterWindow() 位置 D:\WorkProject\C#Project\AD.CoreERP\AD.CoreERP\AD.CoreClientSystem\AD.CoreWindowSys\LoginWindowSys.cs:行号 91
   在 AD.CoreERP.AD.CoreWindow.LoginWindow.uiCheckBox1_CheckedChanged(Object sender, EventArgs e) 位置 D:\WorkProject\C#Project\AD.CoreERP\AD.CoreERP\AD.CoreClientSystem\AD.CoreWindow\LoginWindow.cs:行号 70
   在 Sunny.UI.UICheckBox.set_Checked(Boolean value)
   在 Sunny.UI.UICheckBox.OnClick(EventArgs e)
   在 System.Windows.Forms.Control.WmMouseUp(Message& m, MouseButtons button, Int32 clicks)
   在 System.Windows.Forms.Control.WndProc(Message& m)
   在 System.Windows.Forms.Control.ControlNativeWindow.OnMessage(Message& m)
   在 System.Windows.Forms.Control.ControlNativeWindow.WndProc(Message& m)
   在 System.Windows.Forms.NativeWindow.Callback(IntPtr hWnd, Int32 msg, IntPtr wparam, IntPtr lparam)
【异常方法】：Void ShowRegisterWindow()
***************************************************************

--------------------------------------------------