

Date：2023-03-15 15:37:41.001
LogLevel：Error
Message： 
****************************异常文本****************************
【出现时间】：2023/3/15 15:37:40
【异常类型】：MySqlException
【异常信息】：You have an error in your SQL syntax; check the manual that corresponds to your MySQL server version for the right syntax to use near 'from logintable where Account = ‘foreverLove’ and Password =‘123456’' at line 1
【堆栈调用】：   在 AD.CoreCommon.MysqlHelper.MysqlHelper.ExecuteSql(String sqlString, MySqlParameter[] cmdParms) 位置 D:\WorkProject\C#Project\AD.CoreERP\AD.CoreCommon\MysqlHelper\MysqlHelper.cs:行号 261
   在 AD.CoreERP.AD.CoreWindowSys.LoginWindowSys.LoginGameByAccount(String acc, String pass) 位置 D:\WorkProject\C#Project\AD.CoreERP\AD.CoreERP\AD.CoreClientSystem\AD.CoreWindowSys\LoginWindowSys.cs:行号 85
   在 AD.CoreERP.AD.CoreWindowSys.LoginWindowSys.LoginGame(String acc, String pass) 位置 D:\WorkProject\C#Project\AD.CoreERP\AD.CoreERP\AD.CoreClientSystem\AD.CoreWindowSys\LoginWindowSys.cs:行号 40
   在 AD.CoreERP.AD.CoreWindow.LoginWindow.LoginGame() 位置 D:\WorkProject\C#Project\AD.CoreERP\AD.CoreERP\AD.CoreClientSystem\AD.CoreWindow\LoginWindow.cs:行号 50
   在 AD.CoreERP.AD.CoreWindow.LoginWindow.uiButton1_Click(Object sender, EventArgs e) 位置 D:\WorkProject\C#Project\AD.CoreERP\AD.CoreERP\AD.CoreClientSystem\AD.CoreWindow\LoginWindow.cs:行号 39
   在 System.Windows.Forms.Control.OnClick(EventArgs e)
   在 Sunny.UI.UIButton.OnClick(EventArgs e)
   在 System.Windows.Forms.Control.WmMouseUp(Message& m, MouseButtons button, Int32 clicks)
   在 System.Windows.Forms.Control.WndProc(Message& m)
   在 System.Windows.Forms.Control.ControlNativeWindow.OnMessage(Message& m)
   在 System.Windows.Forms.Control.ControlNativeWindow.WndProc(Message& m)
   在 System.Windows.Forms.NativeWindow.Callback(IntPtr hWnd, Int32 msg, IntPtr wparam, IntPtr lparam)
【异常方法】：Int32 ExecuteSql(System.String, MySql.Data.MySqlClient.MySqlParameter[])
***************************************************************

--------------------------------------------------